<?xml version="1.0" encoding="UTF-8"?>
<coverage generated="1677668516219" clover="3.2.0">
  <project timestamp="1677668516219" name="All files">
    <metrics statements="30" coveredstatements="24" conditionals="4" coveredconditionals="3" methods="6" coveredmethods="5" elements="40" coveredelements="32" complexity="0" loc="30" ncloc="30" packages="1" files="4" classes="4"/>
    <file name="addList.js" path="/home/enis/To-do-list/src/__mock__/addList.js">
      <metrics statements="5" coveredstatements="5" conditionals="0" coveredconditionals="0" methods="1" coveredmethods="1"/>
      <line num="4" count="1" type="stmt"/>
      <line num="5" count="4" type="stmt"/>
      <line num="7" count="4" type="stmt"/>
      <line num="19" count="4" type="stmt"/>
      <line num="21" count="4" type="stmt"/>
    </file>
    <file name="display.js" path="/home/enis/To-do-list/src/__mock__/display.js">
      <metrics statements="17" coveredstatements="11" conditionals="4" coveredconditionals="3" methods="3" coveredmethods="2"/>
      <line num="1" count="1" type="stmt"/>
      <line num="2" count="6" type="stmt"/>
      <line num="4" count="6" type="cond" truecount="1" falsecount="1"/>
      <line num="5" count="6" type="stmt"/>
      <line num="6" count="10" type="stmt"/>
      <line num="7" count="10" type="cond" truecount="2" falsecount="0"/>
      <line num="8" count="10" type="stmt"/>
      <line num="9" count="10" type="stmt"/>
      <line num="10" count="10" type="stmt"/>
      <line num="18" count="10" type="stmt"/>
      <line num="19" count="10" type="stmt"/>
      <line num="20" count="0" type="stmt"/>
      <line num="21" count="0" type="stmt"/>
      <line num="22" count="0" type="stmt"/>
      <line num="23" count="0" type="stmt"/>
      <line num="24" count="0" type="stmt"/>
      <line num="25" count="0" type="stmt"/>
    </file>
    <file name="removeList.js" path="/home/enis/To-do-list/src/__mock__/removeList.js">
      <metrics statements="7" coveredstatements="7" conditionals="0" coveredconditionals="0" methods="1" coveredmethods="1"/>
      <line num="3" count="1" type="stmt"/>
      <line num="4" count="2" type="stmt"/>
      <line num="5" count="2" type="stmt"/>
      <line num="6" count="2" type="stmt"/>
      <line num="7" count="2" type="stmt"/>
      <line num="9" count="2" type="stmt"/>
      <line num="11" count="2" type="stmt"/>
    </file>
    <file name="sum.js" path="/home/enis/To-do-list/src/__mock__/sum.js">
      <metrics statements="1" coveredstatements="1" conditionals="0" coveredconditionals="0" methods="1" coveredmethods="1"/>
      <line num="2" count="1" type="stmt"/>
    </file>
  </project>
</coverage>
