<?xml version="1.0" encoding="UTF-8"?>
<coverage generated="1677749201061" clover="3.2.0">
  <project timestamp="1677749201061" name="All files">
    <metrics statements="29" coveredstatements="29" conditionals="8" coveredconditionals="5" methods="6" coveredmethods="6" elements="43" coveredelements="40" complexity="0" loc="29" ncloc="29" packages="1" files="4" classes="4"/>
    <file name="addList.js" path="/home/enis/To-do-list/src/__mock__/addList.js">
      <metrics statements="5" coveredstatements="5" conditionals="0" coveredconditionals="0" methods="1" coveredmethods="1"/>
      <line num="4" count="2" type="stmt"/>
      <line num="5" count="5" type="stmt"/>
      <line num="7" count="5" type="stmt"/>
      <line num="12" count="5" type="stmt"/>
      <line num="14" count="5" type="stmt"/>
    </file>
    <file name="display.js" path="/home/enis/To-do-list/src/__mock__/display.js">
      <metrics statements="9" coveredstatements="9" conditionals="4" coveredconditionals="2" methods="2" coveredmethods="2"/>
      <line num="1" count="2" type="stmt"/>
      <line num="2" count="8" type="stmt"/>
      <line num="4" count="8" type="cond" truecount="1" falsecount="1"/>
      <line num="5" count="8" type="stmt"/>
      <line num="6" count="6" type="stmt"/>
      <line num="7" count="6" type="cond" truecount="1" falsecount="1"/>
      <line num="8" count="6" type="stmt"/>
      <line num="9" count="6" type="stmt"/>
      <line num="10" count="6" type="stmt"/>
    </file>
    <file name="removeList.js" path="/home/enis/To-do-list/src/__mock__/removeList.js">
      <metrics statements="7" coveredstatements="7" conditionals="0" coveredconditionals="0" methods="1" coveredmethods="1"/>
      <line num="3" count="1" type="stmt"/>
      <line num="4" count="2" type="stmt"/>
      <line num="5" count="2" type="stmt"/>
      <line num="6" count="2" type="stmt"/>
      <line num="7" count="2" type="stmt"/>
      <line num="9" count="2" type="stmt"/>
      <line num="11" count="2" type="stmt"/>
    </file>
    <file name="updateList.js" path="/home/enis/To-do-list/src/__mock__/updateList.js">
      <metrics statements="8" coveredstatements="8" conditionals="4" coveredconditionals="3" methods="2" coveredmethods="2"/>
      <line num="4" count="1" type="stmt"/>
      <line num="5" count="1" type="stmt"/>
      <line num="7" count="1" type="cond" truecount="1" falsecount="1"/>
      <line num="9" count="1" type="stmt"/>
      <line num="10" count="1" type="cond" truecount="2" falsecount="0"/>
      <line num="13" count="1" type="stmt"/>
      <line num="15" count="1" type="stmt"/>
      <line num="17" count="1" type="stmt"/>
    </file>
  </project>
</coverage>
