{"/home/enis/To-do-list/src/__mock__/addList.js": {"path":"/home/enis/To-do-list/src/__mock__/addList.js","statementMap":{"0":{"start":{"line":4,"column":16},"end":{"line":15,"column":1}},"1":{"start":{"line":5,"column":19},"end":{"line":5,"column":21}},"2":{"start":{"line":7,"column":2},"end":{"line":11,"column":5}},"3":{"start":{"line":12,"column":2},"end":{"line":12,"column":62}},"4":{"start":{"line":14,"column":2},"end":{"line":14,"column":12}}},"fnMap":{"0":{"name":"(anonymous_0)","decl":{"start":{"line":4,"column":16},"end":{"line":4,"column":17}},"loc":{"start":{"line":4,"column":22},"end":{"line":15,"column":1}},"line":4}},"branchMap":{},"s":{"0":2,"1":5,"2":5,"3":5,"4":5},"f":{"0":5},"b":{},"_coverageSchema":"1a1c01bbd47fc00a2c39e90264f33305004495a9","hash":"f2d188cc18ce2b4e9d1b3dd6a516bc10fe85b14b"}
,"/home/enis/To-do-list/src/__mock__/display.js": {"path":"/home/enis/To-do-list/src/__mock__/display.js","statementMap":{"0":{"start":{"line":1,"column":16},"end":{"line":18,"column":1}},"1":{"start":{"line":2,"column":17},"end":{"line":2,"column":19}},"2":{"start":{"line":4,"column":2},"end":{"line":4,"column":65}},"3":{"start":{"line":5,"column":2},"end":{"line":17,"column":5}},"4":{"start":{"line":6,"column":17},"end":{"line":6,"column":46}},"5":{"start":{"line":7,"column":17},"end":{"line":7,"column":51}},"6":{"start":{"line":8,"column":4},"end":{"line":8,"column":31}},"7":{"start":{"line":9,"column":4},"end":{"line":9,"column":43}},"8":{"start":{"line":10,"column":4},"end":{"line":16,"column":6}}},"fnMap":{"0":{"name":"(anonymous_0)","decl":{"start":{"line":1,"column":16},"end":{"line":1,"column":17}},"loc":{"start":{"line":1,"column":22},"end":{"line":18,"column":1}},"line":1},"1":{"name":"(anonymous_1)","decl":{"start":{"line":5,"column":19},"end":{"line":5,"column":20}},"loc":{"start":{"line":5,"column":32},"end":{"line":17,"column":3}},"line":5}},"branchMap":{"0":{"loc":{"start":{"line":4,"column":13},"end":{"line":4,"column":64}},"type":"binary-expr","locations":[{"start":{"line":4,"column":13},"end":{"line":4,"column":58}},{"start":{"line":4,"column":62},"end":{"line":4,"column":64}}],"line":4},"1":{"loc":{"start":{"line":7,"column":17},"end":{"line":7,"column":51}},"type":"cond-expr","locations":[{"start":{"line":7,"column":37},"end":{"line":7,"column":46}},{"start":{"line":7,"column":49},"end":{"line":7,"column":51}}],"line":7}},"s":{"0":2,"1":8,"2":8,"3":8,"4":6,"5":6,"6":6,"7":6,"8":6},"f":{"0":8,"1":6},"b":{"0":[8,0],"1":[0,6]},"_coverageSchema":"1a1c01bbd47fc00a2c39e90264f33305004495a9","hash":"149cc1e87cf7a73c9d0dc56bf1b06855f123e815"}
,"/home/enis/To-do-list/src/__mock__/removeList.js": {"path":"/home/enis/To-do-list/src/__mock__/removeList.js","statementMap":{"0":{"start":{"line":3,"column":15},"end":{"line":12,"column":1}},"1":{"start":{"line":4,"column":17},"end":{"line":4,"column":19}},"2":{"start":{"line":5,"column":21},"end":{"line":5,"column":54}},"3":{"start":{"line":6,"column":2},"end":{"line":6,"column":36}},"4":{"start":{"line":7,"column":2},"end":{"line":7,"column":28}},"5":{"start":{"line":9,"column":2},"end":{"line":9,"column":62}},"6":{"start":{"line":11,"column":2},"end":{"line":11,"column":12}}},"fnMap":{"0":{"name":"(anonymous_0)","decl":{"start":{"line":3,"column":15},"end":{"line":3,"column":16}},"loc":{"start":{"line":3,"column":26},"end":{"line":12,"column":1}},"line":3}},"branchMap":{},"s":{"0":1,"1":2,"2":2,"3":2,"4":2,"5":2,"6":2},"f":{"0":2},"b":{},"_coverageSchema":"1a1c01bbd47fc00a2c39e90264f33305004495a9","hash":"7eb3690d609aa9913609cc854b48588986d0ca1d"}
,"/home/enis/To-do-list/src/__mock__/updateList.js": {"path":"/home/enis/To-do-list/src/__mock__/updateList.js","statementMap":{"0":{"start":{"line":4,"column":15},"end":{"line":18,"column":1}},"1":{"start":{"line":5,"column":17},"end":{"line":5,"column":19}},"2":{"start":{"line":7,"column":2},"end":{"line":7,"column":65}},"3":{"start":{"line":9,"column":21},"end":{"line":14,"column":4}},"4":{"start":{"line":10,"column":4},"end":{"line":11,"column":64}},"5":{"start":{"line":13,"column":4},"end":{"line":13,"column":16}},"6":{"start":{"line":15,"column":2},"end":{"line":15,"column":64}},"7":{"start":{"line":17,"column":2},"end":{"line":17,"column":12}}},"fnMap":{"0":{"name":"(anonymous_0)","decl":{"start":{"line":4,"column":15},"end":{"line":4,"column":16}},"loc":{"start":{"line":4,"column":26},"end":{"line":18,"column":1}},"line":4},"1":{"name":"(anonymous_1)","decl":{"start":{"line":9,"column":37},"end":{"line":9,"column":38}},"loc":{"start":{"line":9,"column":47},"end":{"line":14,"column":3}},"line":9}},"branchMap":{"0":{"loc":{"start":{"line":7,"column":13},"end":{"line":7,"column":64}},"type":"binary-expr","locations":[{"start":{"line":7,"column":13},"end":{"line":7,"column":58}},{"start":{"line":7,"column":62},"end":{"line":7,"column":64}}],"line":7},"1":{"loc":{"start":{"line":10,"column":4},"end":{"line":11,"column":63}},"type":"binary-expr","locations":[{"start":{"line":10,"column":4},"end":{"line":10,"column":24}},{"start":{"line":11,"column":10},"end":{"line":11,"column":62}}],"line":10}},"s":{"0":1,"1":1,"2":1,"3":1,"4":1,"5":1,"6":1,"7":1},"f":{"0":1,"1":1},"b":{"0":[1,0],"1":[1,1]},"_coverageSchema":"1a1c01bbd47fc00a2c39e90264f33305004495a9","hash":"bb979a957e2bf1f7cb60de635cccf18305472082"}
}
