TN:
SF:src/__mock__/addList.js
FN:4,(anonymous_0)
FNF:1
FNH:1
FNDA:2,(anonymous_0)
DA:4,1
DA:5,2
DA:7,2
DA:19,2
DA:21,2
LF:5
LH:5
BRF:0
BRH:0
end_of_record
TN:
SF:src/__mock__/display.js
FN:1,(anonymous_0)
FN:5,(anonymous_1)
FN:19,(anonymous_2)
FNF:3
FNH:2
FNDA:2,(anonymous_0)
FNDA:4,(anonymous_1)
FNDA:0,(anonymous_2)
DA:1,1
DA:2,2
DA:4,2
DA:5,2
DA:6,4
DA:7,4
DA:8,4
DA:9,4
DA:10,4
DA:18,4
DA:19,4
DA:20,0
DA:21,0
DA:22,0
DA:23,0
DA:24,0
DA:25,0
LF:17
LH:11
BRDA:4,0,0,2
BRDA:4,0,1,0
BRDA:7,1,0,2
BRDA:7,1,1,2
BRF:4
BRH:3
end_of_record
TN:
SF:src/__mock__/sum.js
FN:1,sum
FNF:1
FNH:1
FNDA:1,sum
DA:2,1
LF:1
LH:1
BRF:0
BRH:0
end_of_record
